ffmpeg not installed, cannot convert to .wav
ffmpeg not installed, cannot convert to .wav
overwriting ../experiment/dataSound/either_amhaat_5_1.webm, there was a previous version!
ffmpeg not installed, cannot convert to .wav
overwriting ../experiment/dataSound/either_amhaat_5_1.webm, there was a previous version!
ffmpeg not installed, cannot convert to .wav
overwriting ../experiment/dataSound/either_amhaat_5_1.webm, there was a previous version!
ffmpeg not installed, cannot convert to .wav
overwriting ../experiment/dataSound/either_amhaat_5_1.webm, there was a previous version!
ffmpeg not installed, cannot convert to .wav
overwriting ../experiment/dataSound/either_amhaat_5_1.webm, there was a previous version!
ffmpeg not installed, cannot convert to .wav
tried to convert ../experiment/dataSound/either_l64vj1_5_2.webm to .wav, but no file written
overwriting ../experiment/dataSound/either_l64vj1_5_2.webm, there was a previous version!
tried to convert ../experiment/dataSound/either_l64vj1_5_2.webm to .wav, but no file written
overwriting ../experiment/dataSound/either_l64vj1_5_2.webm, there was a previous version!
tried to convert ../experiment/dataSound/either_l64vj1_5_2.webm to .wav, but no file written
overwriting ../experiment/dataSound/either_l64vj1_5_2.webm, there was a previous version!
tried to convert ../experiment/dataSound/either_l64vj1_5_2.webm to .wav, but no file written
overwriting ../experiment/dataSound/either_l64vj1_5_2.webm, there was a previous version!
tried to convert ../experiment/dataSound/either_l64vj1_5_2.webm to .wav, but no file written
overwriting ../experiment/dataSound/either_6x3kdz_5_2.wav, there was a previous version!
overwriting ../experiment/dataSound/either_6x3kdz_5_2.wav, there was a previous version!
overwriting ../experiment/dataSound/either_6x3kdz_5_2.wav, there was a previous version!
overwriting ../experiment/dataSound/either_6x3kdz_5_2.wav, there was a previous version!
